2022-04-21 22:23:25.4854 | TRACE | Bookstore.ViewModel.ViewModelBase | ViewModelMain created | 
2022-04-21 22:23:52.0426 | TRACE | Bookstore.ViewModel.ViewModelBase | ViewModelBook created | 
2022-04-21 22:23:52.0708 | ERROR | Bookstore.ViewModel.ViewModelBase | Exception in ViewModelBook | System.InvalidOperationException: Connection already Open.
   at FirebirdSql.Data.FirebirdClient.FbConnection.Open()
   at Bookstore.ViewModel.ViewModelBase.SetupConnection() in C:\Projects\Bookstore\Bookstore.ViewModel\ViewModelBase.cs:line 45
2022-04-21 22:25:01.4545 | TRACE | Bookstore.ViewModel.ViewModelBase | ViewModelMain created | 
2022-04-21 22:25:19.1759 | TRACE | Bookstore.ViewModel.ViewModelBase | ViewModelBook created | 
2022-04-21 22:27:35.0809 | TRACE | Bookstore.ViewModel.ViewModelBase | ViewModelMain created | 
2022-04-21 22:27:45.5774 | TRACE | Bookstore.ViewModel.ViewModelBase | ViewModelBook created | 
2022-04-21 22:27:45.7308 | ERROR | Bookstore.ViewModel.ViewModelBase | Exception in ViewModelBook | System.InvalidOperationException: Execute requires the Command object to have a Transaction object when the Connection object assigned to the command is in a pending local transaction. The Transaction property of the Command has not been initialized.
   at FirebirdSql.Data.FirebirdClient.FbCommand.CheckCommand()
   at FirebirdSql.Data.FirebirdClient.FbCommand.ExecuteReader(CommandBehavior behavior)
   at FirebirdSql.Data.FirebirdClient.FbCommand.ExecuteDbDataReader(CommandBehavior behavior)
   at System.Data.Common.DbCommand.System.Data.IDbCommand.ExecuteReader(CommandBehavior behavior)
   at Dapper.SqlMapper.ExecuteReaderWithFlagsFallback(IDbCommand cmd, Boolean wasClosed, CommandBehavior behavior) in /_/Dapper/SqlMapper.cs:line 1066
   at Dapper.SqlMapper.QueryImpl[T](IDbConnection cnn, CommandDefinition command, Type effectiveType)+MoveNext() in /_/Dapper/SqlMapper.cs:line 1094
   at System.Collections.Generic.List`1..ctor(IEnumerable`1 collection)
   at System.Linq.Enumerable.ToList[TSource](IEnumerable`1 source)
   at Dapper.SqlMapper.Query[T](IDbConnection cnn, String sql, Object param, IDbTransaction transaction, Boolean buffered, Nullable`1 commandTimeout, Nullable`1 commandType) in /_/Dapper/SqlMapper.cs:line 734
   at Dapper.Contrib.Extensions.SqlMapperExtensions.GetAll[T](IDbConnection connection, IDbTransaction transaction, Nullable`1 commandTimeout) in /_/Dapper.Contrib/SqlMapperExtensions.cs:line 246
   at Bookstore.Model.Repo.Implementation.RepoBase`1.GetAll(IDbTransaction transaction) in C:\Projects\Bookstore\Bookstore.Model\Repo\Implementation\RepoBase.cs:line 175
   at Bookstore.ViewModel.ViewModelBook.LoadDataToCacheCommon(IDbTransaction transaction) in C:\Projects\Bookstore\Bookstore.ViewModel\ViewModelBook.cs:line 19
   at Bookstore.ViewModel.ViewModelEntityDetails`1.LoadDataToCache() in C:\Projects\Bookstore\Bookstore.ViewModel\ViewModelEntityDetails.cs:line 33
2022-04-21 22:37:43.0108 | TRACE | Bookstore.ViewModel.ViewModelBase | ViewModelMain created | 
2022-04-21 22:37:49.1969 | TRACE | Bookstore.ViewModel.ViewModelBase | ViewModelBook created | 
2022-04-21 22:39:03.7354 | TRACE | Bookstore.ViewModel.ViewModelBase | ViewModelMain created | 
2022-04-21 22:39:15.0370 | TRACE | Bookstore.ViewModel.ViewModelBase | ViewModelBook created | 
2022-04-21 22:39:40.7192 | TRACE | Bookstore.ViewModel.ViewModelBase | ViewModelMain created | 
2022-04-21 22:39:50.1359 | TRACE | Bookstore.ViewModel.ViewModelBase | ViewModelBook created | 
2022-04-21 22:42:33.3887 | TRACE | Bookstore.ViewModel.ViewModelBase | ViewModelMain created | 
2022-04-21 22:42:42.3387 | TRACE | Bookstore.ViewModel.ViewModelBase | ViewModelBook created | 
2022-04-21 22:43:18.3028 | TRACE | Bookstore.ViewModel.ViewModelBase | ViewModelBook created | 
2022-04-21 22:45:55.0876 | TRACE | Bookstore.ViewModel.ViewModelBase | ViewModelMain created | 
2022-04-21 22:45:58.8655 | TRACE | Bookstore.ViewModel.ViewModelBase | ViewModelBook created | 
2022-04-21 22:51:01.5956 | TRACE | Bookstore.ViewModel.ViewModelBase | ViewModelMain created | 
2022-04-21 22:51:09.5434 | TRACE | Bookstore.ViewModel.ViewModelBase | ViewModelBook created | 
2022-04-21 22:52:41.3754 | TRACE | Bookstore.ViewModel.ViewModelBase | ViewModelMain created | 
2022-04-21 22:52:45.3849 | TRACE | Bookstore.ViewModel.ViewModelBase | ViewModelBook created | 
2022-04-21 22:54:20.0640 | TRACE | Bookstore.ViewModel.ViewModelBase | ViewModelMain created | 
2022-04-21 22:54:23.4000 | TRACE | Bookstore.ViewModel.ViewModelBase | ViewModelBook created | 
2022-04-21 22:58:26.2161 | TRACE | Bookstore.ViewModel.ViewModelBase | ViewModelMain created | 
2022-04-21 22:58:30.5552 | TRACE | Bookstore.ViewModel.ViewModelBase | ViewModelBook created | 
2022-04-21 23:30:40.7057 | TRACE | Bookstore.ViewModel.ViewModelBase | ViewModelMain created | 
2022-04-21 23:30:45.1973 | TRACE | Bookstore.ViewModel.ViewModelBase | ViewModelBook created | 
